<?xml version="1.0" encoding="UTF-8"?>
<!-- Generated by org.testng.reporters.JUnitReportReporter -->
<testsuite hostname="Dattatray" failures="0" tests="1" name="com.Testng.SignInPage_createAccount" time="17.000" errors="0" timestamp="26 Dec 2022 11:34:13 GMT" skipped="0">
  <testcase classname="com.Testng.SignInPage_createAccount" name="SignInPage" time="17.000"/>
</testsuite> <!-- com.Testng.SignInPage_createAccount -->
