<?xml version="1.0" encoding="UTF-8"?>
<!-- Generated by org.testng.reporters.JUnitReportReporter -->
<testsuite hostname="Dattatray" failures="0" tests="1" name="IJmeetProject.HomePageTests" time="14.665" errors="0" timestamp="2023-02-06T12:22:55 IST" skipped="0">
  <testcase classname="IJmeetProject.HomePageTests" name="invites" time="14.665"/>
  <system-out/>
</testsuite> <!-- IJmeetProject.HomePageTests -->
